#
# There is insufficient memory for the Java Runtime Environment to continue.
# Native memory allocation (mmap) failed to map 536870912 bytes for Failed to commit area from 0x0000000601a00000 to 0x0000000621a00000 of length 536870912.
# Possible reasons:
#   The system is out of physical RAM or swap space
#   The process is running with CompressedOops enabled, and the Java Heap may be blocking the growth of the native heap
# Possible solutions:
#   Reduce memory load on the system
#   Increase physical memory or swap space
#   Check if swap backing store is full
#   Decrease Java heap size (-Xmx/-Xms)
#   Decrease number of Java threads
#   Decrease Java thread stack sizes (-Xss)
#   Set larger code cache with -XX:ReservedCodeCacheSize=
# This output file may be truncated or incomplete.
#
#  Out of Memory Error (./src/hotspot/os/windows/os_windows.cpp:3303), pid=11376, tid=39868
#
# JRE version:  (11.0.9.1+12) (build )
# Java VM: OpenJDK 64-Bit Server VM (11.0.9.1+12-LTS, mixed mode, sharing, tiered, compressed oops, g1 gc, windows-amd64)
# No core dump will be written. Minidumps are not enabled by default on client versions of Windows
#

---------------  S U M M A R Y ------------

Command Line: -agentlib:jdwp=transport=dt_socket,suspend=y,address=localhost:55504 -javaagent:C:\Users\D\eclipse\java-2020-12\eclipse\configuration\org.eclipse.osgi\1036\0\.cp\lib\javaagent-shaded.jar -Dfile.encoding=Cp1252 com.github.dsincennes.drofirstbot.Main

Host: Intel(R) Core(TM) i9-10900K CPU @ 3.70GHz, 20 cores, 31G,  Windows 10 , 64 bit Build 22621 (10.0.22621.2070)
Time: Sat Aug 19 18:58:00 2023 Eastern Daylight Time elapsed time: 0.008337 seconds (0d 0h 0m 0s)

---------------  T H R E A D  ---------------

Current thread (0x000001492d95e000):  JavaThread "Unknown thread" [_thread_in_vm, id=39868, stack(0x0000000d1f500000,0x0000000d1f600000)]

Stack: [0x0000000d1f500000,0x0000000d1f600000]
Native frames: (J=compiled Java code, j=interpreted, Vv=VM code, C=native code)
V  [jvm.dll+0x5f504a]
V  [jvm.dll+0x77d3ee]
V  [jvm.dll+0x77eabf]
V  [jvm.dll+0x77f183]
V  [jvm.dll+0x247668]
V  [jvm.dll+0x5f22aa]
V  [jvm.dll+0x5e6ef5]
V  [jvm.dll+0x2fc8bc]
V  [jvm.dll+0x2fc742]
V  [jvm.dll+0x3013f6]
V  [jvm.dll+0x345c6f]
V  [jvm.dll+0x3456a0]
V  [jvm.dll+0x2d9b18]
V  [jvm.dll+0x2dac66]
V  [jvm.dll+0x758db7]
V  [jvm.dll+0x75a53f]
V  [jvm.dll+0x352a69]
V  [jvm.dll+0x73c040]
V  [jvm.dll+0x3ba28f]
V  [jvm.dll+0x3bc731]
C  [jli.dll+0x5207]
C  [ucrtbase.dll+0x29363]
C  [KERNEL32.DLL+0x126ad]
C  [ntdll.dll+0x5aa68]


---------------  P R O C E S S  ---------------

Threads class SMR info:
_java_thread_list=0x000001492b5d7400, length=0, elements={
}

Java Threads: ( => current thread )

Other Threads:
  0x000001492d979800 GCTaskThread "GC Thread#0" [stack: 0x0000000d1f600000,0x0000000d1f700000] [id=4680]
  0x000001492d9fb000 ConcurrentGCThread "G1 Main Marker" [stack: 0x0000000d1f700000,0x0000000d1f800000] [id=9636]
  0x000001492d9fd000 ConcurrentGCThread "G1 Conc#0" [stack: 0x0000000d1f800000,0x0000000d1f900000] [id=32612]

[error occurred during error reporting (printing all threads), id 0xc0000005, EXCEPTION_ACCESS_VIOLATION (0xc0000005) at pc=0x00007ffd18c09197]

VM state:not at safepoint (not fully initialized)

VM Mutex/Monitor currently owned by a thread:  ([mutex/lock_event])
[0x000001492d95a610] Heap_lock - owner thread: 0x000001492d95e000

Heap address: 0x0000000601a00000, size: 8166 MB, Compressed Oops mode: Non-zero based: 0x0000000601a00000
Narrow klass base: 0x0000000000000000, Narrow klass shift: 0

GC Heap History (0 events):
No events

Deoptimization events (0 events):
No events

Classes redefined (0 events):
No events

Internal exceptions (0 events):
No events

Events (1 events):
Event: 0.005 Loaded shared library C:\Program Files\Amazon Corretto\jdk11.0.9_12\bin\zip.dll


Dynamic libraries:
0x00007ff625840000 - 0x00007ff62584d000 	C:\Program Files\Amazon Corretto\jdk11.0.9_12\bin\javaw.exe
0x00007ffd6e330000 - 0x00007ffd6e544000 	C:\WINDOWS\SYSTEM32\ntdll.dll
0x00007ffd6d480000 - 0x00007ffd6d544000 	C:\WINDOWS\System32\KERNEL32.DLL
0x00007ffd6b8e0000 - 0x00007ffd6bc84000 	C:\WINDOWS\System32\KERNELBASE.dll
0x00007ffd6bdb0000 - 0x00007ffd6bec1000 	C:\WINDOWS\System32\ucrtbase.dll
0x00007ffd5c5c0000 - 0x00007ffd5c5d5000 	C:\Program Files\Amazon Corretto\jdk11.0.9_12\bin\VCRUNTIME140.dll
0x00007ffd67620000 - 0x00007ffd67637000 	C:\Program Files\Amazon Corretto\jdk11.0.9_12\bin\jli.dll
0x00007ffd6d9d0000 - 0x00007ffd6db7a000 	C:\WINDOWS\System32\USER32.dll
0x00007ffd5b4b0000 - 0x00007ffd5b73f000 	C:\WINDOWS\WinSxS\amd64_microsoft.windows.common-controls_6595b64144ccf1df_6.0.22621.2070_none_2713e6537381f706\COMCTL32.dll
0x00007ffd6bed0000 - 0x00007ffd6bef6000 	C:\WINDOWS\System32\win32u.dll
0x00007ffd6d550000 - 0x00007ffd6d5f7000 	C:\WINDOWS\System32\msvcrt.dll
0x00007ffd6c650000 - 0x00007ffd6c679000 	C:\WINDOWS\System32\GDI32.dll
0x00007ffd6bc90000 - 0x00007ffd6bda9000 	C:\WINDOWS\System32\gdi32full.dll
0x00007ffd6b710000 - 0x00007ffd6b7aa000 	C:\WINDOWS\System32\msvcp_win.dll
0x00007ffd6dfa0000 - 0x00007ffd6dfd1000 	C:\WINDOWS\System32\IMM32.DLL
0x00007ffd29bf0000 - 0x00007ffd29c8b000 	C:\Program Files\Amazon Corretto\jdk11.0.9_12\bin\msvcp140.dll
0x00007ffd18920000 - 0x00007ffd19464000 	C:\Program Files\Amazon Corretto\jdk11.0.9_12\bin\server\jvm.dll
0x00007ffd6c690000 - 0x00007ffd6c740000 	C:\WINDOWS\System32\ADVAPI32.dll
0x00007ffd6dd40000 - 0x00007ffd6dde6000 	C:\WINDOWS\System32\sechost.dll
0x00007ffd6e150000 - 0x00007ffd6e267000 	C:\WINDOWS\System32\RPCRT4.dll
0x00007ffd6d9c0000 - 0x00007ffd6d9c8000 	C:\WINDOWS\System32\PSAPI.DLL
0x00007ffd4e530000 - 0x00007ffd4e539000 	C:\WINDOWS\SYSTEM32\WSOCK32.dll
0x00007ffd63b30000 - 0x00007ffd63b64000 	C:\WINDOWS\SYSTEM32\WINMM.dll
0x00007ffd63710000 - 0x00007ffd6371a000 	C:\WINDOWS\SYSTEM32\VERSION.dll
0x00007ffd6d810000 - 0x00007ffd6d881000 	C:\WINDOWS\System32\WS2_32.dll
0x00007ffd6a7b0000 - 0x00007ffd6a7c8000 	C:\WINDOWS\SYSTEM32\kernel.appcore.dll
0x00007ffd687f0000 - 0x00007ffd68800000 	C:\Program Files\Amazon Corretto\jdk11.0.9_12\bin\verify.dll
0x00007ffd5d970000 - 0x00007ffd5db9e000 	C:\WINDOWS\SYSTEM32\DBGHELP.DLL
0x00007ffd6c740000 - 0x00007ffd6caca000 	C:\WINDOWS\System32\combase.dll
0x00007ffd6dfe0000 - 0x00007ffd6e0b7000 	C:\WINDOWS\System32\OLEAUT32.dll
0x00007ffd4e4f0000 - 0x00007ffd4e522000 	C:\WINDOWS\SYSTEM32\dbgcore.DLL
0x00007ffd6c070000 - 0x00007ffd6c0ea000 	C:\WINDOWS\System32\bcryptPrimitives.dll
0x00007ffd3e540000 - 0x00007ffd3e568000 	C:\Program Files\Amazon Corretto\jdk11.0.9_12\bin\java.dll
0x00007ffd66110000 - 0x00007ffd6611a000 	C:\Program Files\Amazon Corretto\jdk11.0.9_12\bin\jimage.dll
0x00007ffd342c0000 - 0x00007ffd342f8000 	C:\Program Files\Amazon Corretto\jdk11.0.9_12\bin\jdwp.dll
0x00007ffd688f0000 - 0x00007ffd688fe000 	C:\Program Files\Amazon Corretto\jdk11.0.9_12\bin\instrument.dll
0x00007ffd52af0000 - 0x00007ffd52b07000 	C:\Program Files\Amazon Corretto\jdk11.0.9_12\bin\zip.dll

dbghelp: loaded successfully - version: 4.0.5 - missing functions: none
symbol engine: initialized successfully - sym options: 0x614 - pdb path: .;C:\Program Files\Amazon Corretto\jdk11.0.9_12\bin;C:\WINDOWS\SYSTEM32;C:\WINDOWS\WinSxS\amd64_microsoft.windows.common-controls_6595b64144ccf1df_6.0.22621.2070_none_2713e6537381f706;C:\Program Files\Amazon Corretto\jdk11.0.9_12\bin\server

VM Arguments:
jvm_args: -agentlib:jdwp=transport=dt_socket,suspend=y,address=localhost:55504 -javaagent:C:\Users\D\eclipse\java-2020-12\eclipse\configuration\org.eclipse.osgi\1036\0\.cp\lib\javaagent-shaded.jar -Dfile.encoding=Cp1252 
java_command: com.github.dsincennes.drofirstbot.Main
java_class_path (initial): C:\Users\D\Google Drive\cst8116 eclipse\Donald_First_Discord_Bot\target\classes;C:\Users\D\Downloads\jsoup-1.14.2.jar;C:\Users\D\.m2\repository\org\javacord\javacord-api\3.3.0\javacord-api-3.3.0.jar;C:\Users\D\.m2\repository\org\javacord\javacord-core\3.3.0\javacord-core-3.3.0.jar;C:\Users\D\.m2\repository\com\squareup\okhttp3\okhttp\3.9.1\okhttp-3.9.1.jar;C:\Users\D\.m2\repository\com\squareup\okio\okio\1.13.0\okio-1.13.0.jar;C:\Users\D\.m2\repository\com\squareup\okhttp3\logging-interceptor\3.9.1\logging-interceptor-3.9.1.jar;C:\Users\D\.m2\repository\com\neovisionaries\nv-websocket-client\2.6\nv-websocket-client-2.6.jar;C:\Users\D\.m2\repository\com\codahale\xsalsa20poly1305\0.10.1\xsalsa20poly1305-0.10.1.jar;C:\Users\D\.m2\repository\org\bouncycastle\bcprov-jdk15on\1.59\bcprov-jdk15on-1.59.jar;C:\Users\D\.m2\repository\org\apache\logging\log4j\log4j-api\2.11.0\log4j-api-2.11.0.jar;C:\Users\D\.m2\repository\io\vavr\vavr\0.10.1\vavr-0.10.1.jar;C:\Users\D\.m2\repository\io\vavr\vavr-match\0.10.1\vavr-match-0.10.1.jar;C:\Users\D\.m2\repository\com\sedmelluq\lavaplayer\1.3.75\lavaplayer-1.3.75.jar;C:\Users\D\.m2\repository\com\sedmelluq\lava-common\1.1.2\lava-common-1.1.2.jar;C:\Users\D\.m2\repository\com\sedmelluq\lavaplayer-natives\1.3.13\lavaplayer-natives-1.3.13.jar;C:\Users\D\.m2\repository\org\slf4j\slf4j-api\1.7.25\slf4j-api-1.7.25.jar;C:\Users\D\.m2\repository\org\apache\httpcomponents\httpclient\4.5.10\httpclient-4.5.10.jar;C:\Users\D\.m2\repository\org\apache\httpcomponents\httpcore\4.4.12\httpcore-4.4.12.jar;C:\Users\D\.m2\repository\commons-logging\commons-logging\1.2\commons-logging-1.2.jar;C:\Users\D\.m2\repository\commons-codec\commons-codec\1.11\commons-codec-1.11.jar;C:\Users\D\.m2\repository\commons-io\commons-io\2.6\commons-io-2.6.jar;C:\Users\D\.m2\repository\com\fasterxml\jackson\core\jackson-core\2.10.0\jackson-core-2.10.0.jar;C:\Users\D\.m2\repository\com\fasterxml\jackson\core\jackson-databind\2.10.0\jackson-databi
Launcher Type: SUN_STANDARD

[Global flags]
     intx CICompilerCount                          = 12                                        {product} {ergonomic}
     uint ConcGCThreads                            = 4                                         {product} {ergonomic}
     uint G1ConcRefinementThreads                  = 15                                        {product} {ergonomic}
   size_t G1HeapRegionSize                         = 2097152                                   {product} {ergonomic}
    uintx GCDrainStackTargetSize                   = 64                                        {product} {ergonomic}
   size_t InitialHeapSize                          = 536870912                                 {product} {ergonomic}
   size_t MarkStackSize                            = 4194304                                   {product} {ergonomic}
   size_t MaxHeapSize                              = 8562671616                                {product} {ergonomic}
   size_t MinHeapDeltaBytes                        = 2097152                                   {product} {ergonomic}
    uintx NonNMethodCodeHeapSize                   = 7594288                                {pd product} {ergonomic}
    uintx NonProfiledCodeHeapSize                  = 122031976                              {pd product} {ergonomic}
    uintx ProfiledCodeHeapSize                     = 122031976                              {pd product} {ergonomic}
    uintx ReservedCodeCacheSize                    = 251658240                              {pd product} {ergonomic}
     bool SegmentedCodeCache                       = true                                      {product} {ergonomic}
     bool UseCompressedClassPointers               = true                                 {lp64_product} {ergonomic}
     bool UseCompressedOops                        = true                                 {lp64_product} {ergonomic}
     bool UseG1GC                                  = true                                      {product} {ergonomic}
     bool UseLargePagesIndividualAllocation        = false                                  {pd product} {ergonomic}

Logging:
Log output configuration:
 #0: stdout all=warning uptime,level,tags
 #1: stderr all=off uptime,level,tags

Environment Variables:
JAVA_HOME=C:\Program Files\Amazon Corretto\jdk11.0.12_7
PATH=C:/Program Files/Amazon Corretto/jdk11.0.9_12/bin/server;C:/Program Files/Amazon Corretto/jdk11.0.9_12/bin;C:\Program Files\Common Files\Oracle\Java\javapath;C:\Program Files (x86)\Common Files\Oracle\Java\javapath;C:\Program Files (x86)\EasyPHP-DevServer-14.1VC9\binaries\php\php_runningversion;C:\Program Files\Amazon Corretto\jdk11.0.12_7\bin;C:\Program Files\Amazon Corretto\jdk11.0.9_12\bin;C:\Windows\system32;C:\Windows;C:\Windows\System32\Wbem;C:\Windows\System32\WindowsPowerShell\v1.0\;C:\Windows\System32\OpenSSH\;C:\Program Files\NVIDIA Corporation\NVIDIA NvDLISR;C:\WINDOWS\system32;C:\WINDOWS;C:\WINDOWS\System32\Wbem;C:\WINDOWS\System32\WindowsPowerShell\v1.0\;C:\WINDOWS\System32\OpenSSH\;C:\Program Files\Git\cmd;C:\cygwin64\bin;C:\Program Files\Microsoft SQL Server\150\Tools\Binn\;C:\Program Files (x86)\Microsoft SQL Server\150\DTS\Binn\;C:\Program Files\Azure Data Studio\bin;C:\Program Files\Microsoft SQL Server\130\Tools\Binn\;C:\Program Files (x86)\NVIDIA Corporation\PhysX\Common;C:\Program Files\PuTTY\;C:\Program Files\Docker\Docker\resources\bin;C:\ProgramData\DockerDesktop\version-bin;C:\WINDOWS\system32;C:\WINDOWS;C:\WINDOWS\System32\Wbem;C:\WINDOWS\System32\WindowsPowerShell\v1.0\;C:\WINDOWS\System32\OpenSSH\;C:\Program Files\Microsoft SQL Server\Client SDK\ODBC\170\Tools\Binn\;C:\Program Files\dotnet\;C:\Program Files\nodejs\;C:\Users\D\AppData\Local\Programs\Python\Python39\Scripts\;C:\Users\D\AppData\Local\Programs\Python\Python39\;C:\Users\D\AppData\Local\Microsoft\WindowsApps;C:\Users\D\AppData\Local\atom\bin;C:\Users\D\AppData\Local\Programs\Microsoft VS Code\bin;C:\Users\D\AppData\Local\GitHubDesktop\bin;C:\Users\D\AppData\Local\Microsoft\WindowsApps;C:\Program Files\Azure Data Studio\bin;C:\Users\D\.dotnet\tools;C:\Users\D\AppData\Roaming\npm;C:\WINDOWS\system32;
USERNAME=D
OS=Windows_NT
PROCESSOR_IDENTIFIER=Intel64 Family 6 Model 165 Stepping 5, GenuineIntel



---------------  S Y S T E M  ---------------

OS: Windows 10 , 64 bit Build 22621 (10.0.22621.2070)
OS uptime: 0 days 16:52 hours
HyperV virtualization detected

CPU:total 20 (initial active 20) (10 cores per cpu, 2 threads per core) family 6 model 165 stepping 5, cmov, cx8, fxsr, mmx, sse, sse2, sse3, ssse3, sse4.1, sse4.2, popcnt, avx, avx2, aes, clmul, erms, 3dnowpref, lzcnt, ht, tsc, tscinvbit, bmi1, bmi2, adx, fma

Memory: 4k page, system-wide physical 32661M (9854M free)
TotalPageFile size 40069M (AvailPageFile size 414M)
current process WorkingSet (physical memory assigned to process): 11M, peak: 11M
current process commit charge ("private bytes"): 76M, peak: 588M

vm_info: OpenJDK 64-Bit Server VM (11.0.9.1+12-LTS) for windows-amd64 JRE (11.0.9.1+12-LTS), built on Nov  4 2020 10:17:53 by "Administrator" with MS VC++ 15.9 (VS2017)

END.
